Started GET "/" for ::1 at 2016-12-31 01:08:53 +0200
  
PG::ConnectionBad (could not connect to server: No such file or directory
	Is the server running locally and accepting
	connections on Unix domain socket "/tmp/.s.PGSQL.5432"?
):
  
activerecord (5.0.0.rc1) lib/active_record/connection_adapters/postgresql_adapter.rb:671:in `initialize'
activerecord (5.0.0.rc1) lib/active_record/connection_adapters/postgresql_adapter.rb:671:in `new'
activerecord (5.0.0.rc1) lib/active_record/connection_adapters/postgresql_adapter.rb:671:in `connect'
activerecord (5.0.0.rc1) lib/active_record/connection_adapters/postgresql_adapter.rb:217:in `initialize'
activerecord (5.0.0.rc1) lib/active_record/connection_adapters/postgresql_adapter.rb:37:in `new'
activerecord (5.0.0.rc1) lib/active_record/connection_adapters/postgresql_adapter.rb:37:in `postgresql_connection'
activerecord (5.0.0.rc1) lib/active_record/connection_adapters/abstract/connection_pool.rb:721:in `new_connection'
activerecord (5.0.0.rc1) lib/active_record/connection_adapters/abstract/connection_pool.rb:765:in `checkout_new_connection'
activerecord (5.0.0.rc1) lib/active_record/connection_adapters/abstract/connection_pool.rb:744:in `try_to_checkout_new_connection'
activerecord (5.0.0.rc1) lib/active_record/connection_adapters/abstract/connection_pool.rb:705:in `acquire_connection'
activerecord (5.0.0.rc1) lib/active_record/connection_adapters/abstract/connection_pool.rb:501:in `checkout'
activerecord (5.0.0.rc1) lib/active_record/connection_adapters/abstract/connection_pool.rb:364:in `connection'
activerecord (5.0.0.rc1) lib/active_record/connection_adapters/abstract/connection_pool.rb:877:in `retrieve_connection'
activerecord (5.0.0.rc1) lib/active_record/connection_handling.rb:128:in `retrieve_connection'
activerecord (5.0.0.rc1) lib/active_record/connection_handling.rb:91:in `connection'
activerecord (5.0.0.rc1) lib/active_record/migration.rb:558:in `connection'
activerecord (5.0.0.rc1) lib/active_record/migration.rb:545:in `call'
actionpack (5.0.0.rc1) lib/action_dispatch/middleware/callbacks.rb:38:in `block in call'
activesupport (5.0.0.rc1) lib/active_support/callbacks.rb:97:in `__run_callbacks__'
activesupport (5.0.0.rc1) lib/active_support/callbacks.rb:750:in `_run_call_callbacks'
activesupport (5.0.0.rc1) lib/active_support/callbacks.rb:90:in `run_callbacks'
actionpack (5.0.0.rc1) lib/action_dispatch/middleware/callbacks.rb:36:in `call'
actionpack (5.0.0.rc1) lib/action_dispatch/middleware/executor.rb:12:in `call'
actionpack (5.0.0.rc1) lib/action_dispatch/middleware/remote_ip.rb:79:in `call'
actionpack (5.0.0.rc1) lib/action_dispatch/middleware/debug_exceptions.rb:49:in `call'
web-console (3.1.1) lib/web_console/middleware.rb:131:in `call_app'
web-console (3.1.1) lib/web_console/middleware.rb:28:in `block in call'
web-console (3.1.1) lib/web_console/middleware.rb:18:in `catch'
web-console (3.1.1) lib/web_console/middleware.rb:18:in `call'
actionpack (5.0.0.rc1) lib/action_dispatch/middleware/show_exceptions.rb:31:in `call'
railties (5.0.0.rc1) lib/rails/rack/logger.rb:36:in `call_app'
railties (5.0.0.rc1) lib/rails/rack/logger.rb:24:in `block in call'
activesupport (5.0.0.rc1) lib/active_support/tagged_logging.rb:70:in `block in tagged'
activesupport (5.0.0.rc1) lib/active_support/tagged_logging.rb:26:in `tagged'
activesupport (5.0.0.rc1) lib/active_support/tagged_logging.rb:70:in `tagged'
railties (5.0.0.rc1) lib/rails/rack/logger.rb:24:in `call'
actionpack (5.0.0.rc1) lib/action_dispatch/middleware/request_id.rb:24:in `call'
rack (2.0.0.rc1) lib/rack/method_override.rb:22:in `call'
rack (2.0.0.rc1) lib/rack/runtime.rb:22:in `call'
activesupport (5.0.0.rc1) lib/active_support/cache/strategy/local_cache_middleware.rb:28:in `call'
actionpack (5.0.0.rc1) lib/action_dispatch/middleware/executor.rb:12:in `call'
actionpack (5.0.0.rc1) lib/action_dispatch/middleware/static.rb:136:in `call'
rack (2.0.0.rc1) lib/rack/sendfile.rb:111:in `call'
railties (5.0.0.rc1) lib/rails/engine.rb:522:in `call'
puma (3.4.0) lib/puma/configuration.rb:224:in `call'
puma (3.4.0) lib/puma/server.rb:569:in `handle_request'
puma (3.4.0) lib/puma/server.rb:406:in `process_client'
puma (3.4.0) lib/puma/server.rb:271:in `block in run'
puma (3.4.0) lib/puma/thread_pool.rb:114:in `block in spawn_thread'
  Rendering /Users/AV/.rvm/gems/ruby-2.3.3/gems/actionpack-5.0.0.rc1/lib/action_dispatch/middleware/templates/rescues/diagnostics.html.erb within rescues/layout
  Rendering /Users/AV/.rvm/gems/ruby-2.3.3/gems/actionpack-5.0.0.rc1/lib/action_dispatch/middleware/templates/rescues/_source.html.erb
  Rendered /Users/AV/.rvm/gems/ruby-2.3.3/gems/actionpack-5.0.0.rc1/lib/action_dispatch/middleware/templates/rescues/_source.html.erb (2.6ms)
  Rendering /Users/AV/.rvm/gems/ruby-2.3.3/gems/actionpack-5.0.0.rc1/lib/action_dispatch/middleware/templates/rescues/_trace.html.erb
  Rendered /Users/AV/.rvm/gems/ruby-2.3.3/gems/actionpack-5.0.0.rc1/lib/action_dispatch/middleware/templates/rescues/_trace.html.erb (2.4ms)
  Rendering /Users/AV/.rvm/gems/ruby-2.3.3/gems/actionpack-5.0.0.rc1/lib/action_dispatch/middleware/templates/rescues/_request_and_response.html.erb
  Rendered /Users/AV/.rvm/gems/ruby-2.3.3/gems/actionpack-5.0.0.rc1/lib/action_dispatch/middleware/templates/rescues/_request_and_response.html.erb (0.9ms)
  Rendered /Users/AV/.rvm/gems/ruby-2.3.3/gems/actionpack-5.0.0.rc1/lib/action_dispatch/middleware/templates/rescues/diagnostics.html.erb within rescues/layout (65.9ms)
  Rendering /Users/AV/.rvm/gems/ruby-2.3.3/gems/web-console-3.1.1/lib/web_console/templates/index.html.erb
  Rendered /Users/AV/.rvm/gems/ruby-2.3.3/gems/web-console-3.1.1/lib/web_console/templates/_markup.html.erb (0.5ms)
  Rendering /Users/AV/.rvm/gems/ruby-2.3.3/gems/web-console-3.1.1/lib/web_console/templates/console.js.erb within layouts/javascript
  Rendering /Users/AV/.rvm/gems/ruby-2.3.3/gems/web-console-3.1.1/lib/web_console/templates/_inner_console_markup.html.erb within layouts/inlined_string
  Rendered /Users/AV/.rvm/gems/ruby-2.3.3/gems/web-console-3.1.1/lib/web_console/templates/_inner_console_markup.html.erb within layouts/inlined_string (0.5ms)
  Rendering /Users/AV/.rvm/gems/ruby-2.3.3/gems/web-console-3.1.1/lib/web_console/templates/_prompt_box_markup.html.erb within layouts/inlined_string
  Rendered /Users/AV/.rvm/gems/ruby-2.3.3/gems/web-console-3.1.1/lib/web_console/templates/_prompt_box_markup.html.erb within layouts/inlined_string (0.4ms)
  Rendering /Users/AV/.rvm/gems/ruby-2.3.3/gems/web-console-3.1.1/lib/web_console/templates/style.css.erb within layouts/inlined_string
  Rendered /Users/AV/.rvm/gems/ruby-2.3.3/gems/web-console-3.1.1/lib/web_console/templates/style.css.erb within layouts/inlined_string (0.4ms)
  Rendered /Users/AV/.rvm/gems/ruby-2.3.3/gems/web-console-3.1.1/lib/web_console/templates/console.js.erb within layouts/javascript (63.4ms)
  Rendering /Users/AV/.rvm/gems/ruby-2.3.3/gems/web-console-3.1.1/lib/web_console/templates/main.js.erb within layouts/javascript
  Rendered /Users/AV/.rvm/gems/ruby-2.3.3/gems/web-console-3.1.1/lib/web_console/templates/main.js.erb within layouts/javascript (0.7ms)
  Rendered /Users/AV/.rvm/gems/ruby-2.3.3/gems/web-console-3.1.1/lib/web_console/templates/index.html.erb (115.8ms)
Started GET "/webhook" for ::1 at 2016-12-31 01:22:55 +0200
  
ActiveRecord::NoDatabaseError (FATAL:  database "facebook-messenger-demo_development" does not exist
):
  
activerecord (5.0.0.rc1) lib/active_record/connection_adapters/postgresql_adapter.rb:675:in `rescue in connect'
activerecord (5.0.0.rc1) lib/active_record/connection_adapters/postgresql_adapter.rb:671:in `connect'
activerecord (5.0.0.rc1) lib/active_record/connection_adapters/postgresql_adapter.rb:217:in `initialize'
activerecord (5.0.0.rc1) lib/active_record/connection_adapters/postgresql_adapter.rb:37:in `new'
activerecord (5.0.0.rc1) lib/active_record/connection_adapters/postgresql_adapter.rb:37:in `postgresql_connection'
activerecord (5.0.0.rc1) lib/active_record/connection_adapters/abstract/connection_pool.rb:721:in `new_connection'
activerecord (5.0.0.rc1) lib/active_record/connection_adapters/abstract/connection_pool.rb:765:in `checkout_new_connection'
activerecord (5.0.0.rc1) lib/active_record/connection_adapters/abstract/connection_pool.rb:744:in `try_to_checkout_new_connection'
activerecord (5.0.0.rc1) lib/active_record/connection_adapters/abstract/connection_pool.rb:705:in `acquire_connection'
activerecord (5.0.0.rc1) lib/active_record/connection_adapters/abstract/connection_pool.rb:501:in `checkout'
activerecord (5.0.0.rc1) lib/active_record/connection_adapters/abstract/connection_pool.rb:364:in `connection'
activerecord (5.0.0.rc1) lib/active_record/connection_adapters/abstract/connection_pool.rb:877:in `retrieve_connection'
activerecord (5.0.0.rc1) lib/active_record/connection_handling.rb:128:in `retrieve_connection'
activerecord (5.0.0.rc1) lib/active_record/connection_handling.rb:91:in `connection'
activerecord (5.0.0.rc1) lib/active_record/migration.rb:558:in `connection'
activerecord (5.0.0.rc1) lib/active_record/migration.rb:545:in `call'
actionpack (5.0.0.rc1) lib/action_dispatch/middleware/callbacks.rb:38:in `block in call'
activesupport (5.0.0.rc1) lib/active_support/callbacks.rb:97:in `__run_callbacks__'
activesupport (5.0.0.rc1) lib/active_support/callbacks.rb:750:in `_run_call_callbacks'
activesupport (5.0.0.rc1) lib/active_support/callbacks.rb:90:in `run_callbacks'
actionpack (5.0.0.rc1) lib/action_dispatch/middleware/callbacks.rb:36:in `call'
actionpack (5.0.0.rc1) lib/action_dispatch/middleware/executor.rb:12:in `call'
actionpack (5.0.0.rc1) lib/action_dispatch/middleware/remote_ip.rb:79:in `call'
actionpack (5.0.0.rc1) lib/action_dispatch/middleware/debug_exceptions.rb:49:in `call'
web-console (3.1.1) lib/web_console/middleware.rb:131:in `call_app'
web-console (3.1.1) lib/web_console/middleware.rb:28:in `block in call'
web-console (3.1.1) lib/web_console/middleware.rb:18:in `catch'
web-console (3.1.1) lib/web_console/middleware.rb:18:in `call'
actionpack (5.0.0.rc1) lib/action_dispatch/middleware/show_exceptions.rb:31:in `call'
railties (5.0.0.rc1) lib/rails/rack/logger.rb:36:in `call_app'
railties (5.0.0.rc1) lib/rails/rack/logger.rb:24:in `block in call'
activesupport (5.0.0.rc1) lib/active_support/tagged_logging.rb:70:in `block in tagged'
activesupport (5.0.0.rc1) lib/active_support/tagged_logging.rb:26:in `tagged'
activesupport (5.0.0.rc1) lib/active_support/tagged_logging.rb:70:in `tagged'
railties (5.0.0.rc1) lib/rails/rack/logger.rb:24:in `call'
actionpack (5.0.0.rc1) lib/action_dispatch/middleware/request_id.rb:24:in `call'
rack (2.0.0.rc1) lib/rack/method_override.rb:22:in `call'
rack (2.0.0.rc1) lib/rack/runtime.rb:22:in `call'
activesupport (5.0.0.rc1) lib/active_support/cache/strategy/local_cache_middleware.rb:28:in `call'
actionpack (5.0.0.rc1) lib/action_dispatch/middleware/executor.rb:12:in `call'
actionpack (5.0.0.rc1) lib/action_dispatch/middleware/static.rb:136:in `call'
rack (2.0.0.rc1) lib/rack/sendfile.rb:111:in `call'
railties (5.0.0.rc1) lib/rails/engine.rb:522:in `call'
puma (3.4.0) lib/puma/configuration.rb:224:in `call'
puma (3.4.0) lib/puma/server.rb:569:in `handle_request'
puma (3.4.0) lib/puma/server.rb:406:in `process_client'
puma (3.4.0) lib/puma/server.rb:271:in `block in run'
puma (3.4.0) lib/puma/thread_pool.rb:114:in `block in spawn_thread'
  Rendering /Users/AV/.rvm/gems/ruby-2.3.3/gems/actionpack-5.0.0.rc1/lib/action_dispatch/middleware/templates/rescues/diagnostics.html.erb within rescues/layout
  Rendering /Users/AV/.rvm/gems/ruby-2.3.3/gems/actionpack-5.0.0.rc1/lib/action_dispatch/middleware/templates/rescues/_source.html.erb
  Rendered /Users/AV/.rvm/gems/ruby-2.3.3/gems/actionpack-5.0.0.rc1/lib/action_dispatch/middleware/templates/rescues/_source.html.erb (2.4ms)
  Rendering /Users/AV/.rvm/gems/ruby-2.3.3/gems/actionpack-5.0.0.rc1/lib/action_dispatch/middleware/templates/rescues/_trace.html.erb
  Rendered /Users/AV/.rvm/gems/ruby-2.3.3/gems/actionpack-5.0.0.rc1/lib/action_dispatch/middleware/templates/rescues/_trace.html.erb (2.0ms)
  Rendering /Users/AV/.rvm/gems/ruby-2.3.3/gems/actionpack-5.0.0.rc1/lib/action_dispatch/middleware/templates/rescues/_request_and_response.html.erb
  Rendered /Users/AV/.rvm/gems/ruby-2.3.3/gems/actionpack-5.0.0.rc1/lib/action_dispatch/middleware/templates/rescues/_request_and_response.html.erb (1.2ms)
  Rendered /Users/AV/.rvm/gems/ruby-2.3.3/gems/actionpack-5.0.0.rc1/lib/action_dispatch/middleware/templates/rescues/diagnostics.html.erb within rescues/layout (66.6ms)
  Rendering /Users/AV/.rvm/gems/ruby-2.3.3/gems/web-console-3.1.1/lib/web_console/templates/index.html.erb
  Rendered /Users/AV/.rvm/gems/ruby-2.3.3/gems/web-console-3.1.1/lib/web_console/templates/_markup.html.erb (0.4ms)
  Rendering /Users/AV/.rvm/gems/ruby-2.3.3/gems/web-console-3.1.1/lib/web_console/templates/console.js.erb within layouts/javascript
  Rendering /Users/AV/.rvm/gems/ruby-2.3.3/gems/web-console-3.1.1/lib/web_console/templates/_inner_console_markup.html.erb within layouts/inlined_string
  Rendered /Users/AV/.rvm/gems/ruby-2.3.3/gems/web-console-3.1.1/lib/web_console/templates/_inner_console_markup.html.erb within layouts/inlined_string (0.4ms)
  Rendering /Users/AV/.rvm/gems/ruby-2.3.3/gems/web-console-3.1.1/lib/web_console/templates/_prompt_box_markup.html.erb within layouts/inlined_string
  Rendered /Users/AV/.rvm/gems/ruby-2.3.3/gems/web-console-3.1.1/lib/web_console/templates/_prompt_box_markup.html.erb within layouts/inlined_string (0.5ms)
  Rendering /Users/AV/.rvm/gems/ruby-2.3.3/gems/web-console-3.1.1/lib/web_console/templates/style.css.erb within layouts/inlined_string
  Rendered /Users/AV/.rvm/gems/ruby-2.3.3/gems/web-console-3.1.1/lib/web_console/templates/style.css.erb within layouts/inlined_string (0.5ms)
  Rendered /Users/AV/.rvm/gems/ruby-2.3.3/gems/web-console-3.1.1/lib/web_console/templates/console.js.erb within layouts/javascript (68.8ms)
  Rendering /Users/AV/.rvm/gems/ruby-2.3.3/gems/web-console-3.1.1/lib/web_console/templates/main.js.erb within layouts/javascript
  Rendered /Users/AV/.rvm/gems/ruby-2.3.3/gems/web-console-3.1.1/lib/web_console/templates/main.js.erb within layouts/javascript (0.3ms)
  Rendered /Users/AV/.rvm/gems/ruby-2.3.3/gems/web-console-3.1.1/lib/web_console/templates/index.html.erb (123.1ms)
  [1m[35m (30.9ms)[0m  [1m[35mCREATE TABLE "schema_migrations" ("version" character varying PRIMARY KEY)[0m
  [1m[35m (4.6ms)[0m  [1m[35mCREATE TABLE "ar_internal_metadata" ("key" character varying PRIMARY KEY, "value" character varying, "created_at" timestamp NOT NULL, "updated_at" timestamp NOT NULL)[0m
  [1m[35m (0.7ms)[0m  [1m[34mSELECT pg_try_advisory_lock(3408742133562985170);[0m
  [1m[36mActiveRecord::SchemaMigration Load (0.5ms)[0m  [1m[34mSELECT "schema_migrations".* FROM "schema_migrations"[0m
Migrating to CreateProducts (20160507065706)
  [1m[35m (0.6ms)[0m  [1m[35mBEGIN[0m
  [1m[35m (12.5ms)[0m  [1m[35mCREATE TABLE "products" ("id" serial primary key, "name" character varying, "image" character varying, "category" integer DEFAULT 0, "created_at" timestamp NOT NULL, "updated_at" timestamp NOT NULL)[0m
  [1m[35m (2.1ms)[0m  [1m[35mCREATE  INDEX  "index_products_on_name" ON "products"  ("name")[0m
  [1m[35m (0.9ms)[0m  [1m[35mCREATE  INDEX  "index_products_on_category" ON "products"  ("category")[0m
  [1m[35mSQL (2.7ms)[0m  [1m[32mINSERT INTO "schema_migrations" ("version") VALUES ($1) RETURNING "version"[0m  [["version", "20160507065706"]]
  [1m[35m (0.9ms)[0m  [1m[35mCOMMIT[0m
  [1m[36mActiveRecord::InternalMetadata Load (1.1ms)[0m  [1m[34mSELECT  "ar_internal_metadata".* FROM "ar_internal_metadata" ORDER BY "ar_internal_metadata"."key" ASC LIMIT $1[0m  [["LIMIT", 1]]
  [1m[35m (0.1ms)[0m  [1m[35mBEGIN[0m
  [1m[35mSQL (1.1ms)[0m  [1m[32mINSERT INTO "ar_internal_metadata" ("key", "value", "created_at", "updated_at") VALUES ($1, $2, $3, $4) RETURNING "key"[0m  [["key", "environment"], ["value", "development"], ["created_at", 2016-12-30 23:33:00 UTC], ["updated_at", 2016-12-30 23:33:00 UTC]]
  [1m[35m (0.3ms)[0m  [1m[35mCOMMIT[0m
  [1m[35m (0.2ms)[0m  [1m[34mSELECT pg_advisory_unlock(3408742133562985170)[0m
  [1m[36mActiveRecord::SchemaMigration Load (0.5ms)[0m  [1m[34mSELECT "schema_migrations".* FROM "schema_migrations"[0m
  [1m[35m (4.7ms)[0m  [1m[34mSELECT t2.oid::regclass::text AS to_table, a1.attname AS column, a2.attname AS primary_key, c.conname AS name, c.confupdtype AS on_update, c.confdeltype AS on_delete
FROM pg_constraint c
JOIN pg_class t1 ON c.conrelid = t1.oid
JOIN pg_class t2 ON c.confrelid = t2.oid
JOIN pg_attribute a1 ON a1.attnum = c.conkey[1] AND a1.attrelid = t1.oid
JOIN pg_attribute a2 ON a2.attnum = c.confkey[1] AND a2.attrelid = t2.oid
JOIN pg_namespace t3 ON c.connamespace = t3.oid
WHERE c.contype = 'f'
  AND t1.relname = 'products'
  AND t3.nspname = ANY (current_schemas(false))
ORDER BY c.conname
[0m
  [1m[36mActiveRecord::SchemaMigration Load (0.5ms)[0m  [1m[34mSELECT "schema_migrations".* FROM "schema_migrations"[0m
  [1m[35m (0.1ms)[0m  [1m[35mBEGIN[0m
  [1m[35mSQL (3.4ms)[0m  [1m[32mINSERT INTO "products" ("name", "image", "created_at", "updated_at") VALUES ($1, $2, $3, $4) RETURNING "id"[0m  [["name", "ASOS Denim Boyfriend Shirt in Myrtle Light Wash"], ["image", "http://images.asos-media.com/inv/media/3/0/2/6/5826203/lightwashblue/image1xxl.jpg"], ["created_at", 2016-12-30 23:33:08 UTC], ["updated_at", 2016-12-30 23:33:08 UTC]]
  [1m[35m (0.3ms)[0m  [1m[35mCOMMIT[0m
  [1m[35m (0.1ms)[0m  [1m[35mBEGIN[0m
  [1m[35mSQL (0.7ms)[0m  [1m[32mINSERT INTO "products" ("name", "image", "category", "created_at", "updated_at") VALUES ($1, $2, $3, $4, $5) RETURNING "id"[0m  [["name", "ASOS RAMPAGE Suede Buckle Ankle Boots"], ["image", "http://images.asos-media.com/inv/media/3/6/5/8/5728563/black/image1xxl.jpg"], ["category", 1], ["created_at", 2016-12-30 23:33:08 UTC], ["updated_at", 2016-12-30 23:33:08 UTC]]
  [1m[35m (0.3ms)[0m  [1m[35mCOMMIT[0m
  [1m[35m (0.1ms)[0m  [1m[35mBEGIN[0m
  [1m[35mSQL (0.4ms)[0m  [1m[32mINSERT INTO "products" ("name", "image", "created_at", "updated_at") VALUES ($1, $2, $3, $4) RETURNING "id"[0m  [["name", "ASOS Ruffle Blouse"], ["image", "http://images.asos-media.com/inv/media/6/0/3/2/5632306/cream/image1xxl.jpg"], ["created_at", 2016-12-30 23:33:08 UTC], ["updated_at", 2016-12-30 23:33:08 UTC]]
  [1m[35m (0.3ms)[0m  [1m[35mCOMMIT[0m
  [1m[35m (0.1ms)[0m  [1m[35mBEGIN[0m
  [1m[35mSQL (0.3ms)[0m  [1m[32mINSERT INTO "products" ("name", "image", "category", "created_at", "updated_at") VALUES ($1, $2, $3, $4, $5) RETURNING "id"[0m  [["name", "New Look Festival Stone Ring Pack"], ["image", "http://images.asos-media.com/inv/media/7/7/6/7/6287677/silver/image1xxl.jpg"], ["category", 2], ["created_at", 2016-12-30 23:33:08 UTC], ["updated_at", 2016-12-30 23:33:08 UTC]]
  [1m[35m (0.3ms)[0m  [1m[35mCOMMIT[0m
Started GET "/webhook" for ::1 at 2016-12-31 01:33:34 +0200
  [1m[36mActiveRecord::SchemaMigration Load (0.6ms)[0m  [1m[34mSELECT "schema_migrations".* FROM "schema_migrations"[0m
  
ActionController::RoutingError (No route matches [GET] "/webhook"):
  
actionpack (5.0.0.rc1) lib/action_dispatch/middleware/debug_exceptions.rb:53:in `call'
web-console (3.1.1) lib/web_console/middleware.rb:131:in `call_app'
web-console (3.1.1) lib/web_console/middleware.rb:28:in `block in call'
web-console (3.1.1) lib/web_console/middleware.rb:18:in `catch'
web-console (3.1.1) lib/web_console/middleware.rb:18:in `call'
actionpack (5.0.0.rc1) lib/action_dispatch/middleware/show_exceptions.rb:31:in `call'
railties (5.0.0.rc1) lib/rails/rack/logger.rb:36:in `call_app'
railties (5.0.0.rc1) lib/rails/rack/logger.rb:24:in `block in call'
activesupport (5.0.0.rc1) lib/active_support/tagged_logging.rb:70:in `block in tagged'
activesupport (5.0.0.rc1) lib/active_support/tagged_logging.rb:26:in `tagged'
activesupport (5.0.0.rc1) lib/active_support/tagged_logging.rb:70:in `tagged'
railties (5.0.0.rc1) lib/rails/rack/logger.rb:24:in `call'
actionpack (5.0.0.rc1) lib/action_dispatch/middleware/request_id.rb:24:in `call'
rack (2.0.0.rc1) lib/rack/method_override.rb:22:in `call'
rack (2.0.0.rc1) lib/rack/runtime.rb:22:in `call'
activesupport (5.0.0.rc1) lib/active_support/cache/strategy/local_cache_middleware.rb:28:in `call'
actionpack (5.0.0.rc1) lib/action_dispatch/middleware/executor.rb:12:in `call'
actionpack (5.0.0.rc1) lib/action_dispatch/middleware/static.rb:136:in `call'
rack (2.0.0.rc1) lib/rack/sendfile.rb:111:in `call'
railties (5.0.0.rc1) lib/rails/engine.rb:522:in `call'
puma (3.4.0) lib/puma/configuration.rb:224:in `call'
puma (3.4.0) lib/puma/server.rb:569:in `handle_request'
puma (3.4.0) lib/puma/server.rb:406:in `process_client'
puma (3.4.0) lib/puma/server.rb:271:in `block in run'
puma (3.4.0) lib/puma/thread_pool.rb:114:in `block in spawn_thread'
  Rendering /Users/AV/.rvm/gems/ruby-2.3.3/gems/actionpack-5.0.0.rc1/lib/action_dispatch/middleware/templates/rescues/routing_error.html.erb within rescues/layout
  Rendering /Users/AV/.rvm/gems/ruby-2.3.3/gems/actionpack-5.0.0.rc1/lib/action_dispatch/middleware/templates/rescues/_trace.html.erb
  Rendered /Users/AV/.rvm/gems/ruby-2.3.3/gems/actionpack-5.0.0.rc1/lib/action_dispatch/middleware/templates/rescues/_trace.html.erb (1.4ms)
  Rendered collection of /Users/AV/.rvm/gems/ruby-2.3.3/gems/actionpack-5.0.0.rc1/lib/action_dispatch/middleware/templates/routes/_route.html.erb [1 times] (9.7ms)
  Rendered /Users/AV/.rvm/gems/ruby-2.3.3/gems/actionpack-5.0.0.rc1/lib/action_dispatch/middleware/templates/routes/_table.html.erb (12.8ms)
  Rendering /Users/AV/.rvm/gems/ruby-2.3.3/gems/actionpack-5.0.0.rc1/lib/action_dispatch/middleware/templates/rescues/_request_and_response.html.erb
  Rendered /Users/AV/.rvm/gems/ruby-2.3.3/gems/actionpack-5.0.0.rc1/lib/action_dispatch/middleware/templates/rescues/_request_and_response.html.erb (11.2ms)
  Rendered /Users/AV/.rvm/gems/ruby-2.3.3/gems/actionpack-5.0.0.rc1/lib/action_dispatch/middleware/templates/rescues/routing_error.html.erb within rescues/layout (112.5ms)
  Rendering /Users/AV/.rvm/gems/ruby-2.3.3/gems/web-console-3.1.1/lib/web_console/templates/index.html.erb
  Rendered /Users/AV/.rvm/gems/ruby-2.3.3/gems/web-console-3.1.1/lib/web_console/templates/_markup.html.erb (0.5ms)
  Rendering /Users/AV/.rvm/gems/ruby-2.3.3/gems/web-console-3.1.1/lib/web_console/templates/console.js.erb within layouts/javascript
  Rendering /Users/AV/.rvm/gems/ruby-2.3.3/gems/web-console-3.1.1/lib/web_console/templates/_inner_console_markup.html.erb within layouts/inlined_string
  Rendered /Users/AV/.rvm/gems/ruby-2.3.3/gems/web-console-3.1.1/lib/web_console/templates/_inner_console_markup.html.erb within layouts/inlined_string (0.6ms)
  Rendering /Users/AV/.rvm/gems/ruby-2.3.3/gems/web-console-3.1.1/lib/web_console/templates/_prompt_box_markup.html.erb within layouts/inlined_string
  Rendered /Users/AV/.rvm/gems/ruby-2.3.3/gems/web-console-3.1.1/lib/web_console/templates/_prompt_box_markup.html.erb within layouts/inlined_string (0.4ms)
  Rendering /Users/AV/.rvm/gems/ruby-2.3.3/gems/web-console-3.1.1/lib/web_console/templates/style.css.erb within layouts/inlined_string
  Rendered /Users/AV/.rvm/gems/ruby-2.3.3/gems/web-console-3.1.1/lib/web_console/templates/style.css.erb within layouts/inlined_string (0.8ms)
  Rendered /Users/AV/.rvm/gems/ruby-2.3.3/gems/web-console-3.1.1/lib/web_console/templates/console.js.erb within layouts/javascript (69.1ms)
  Rendering /Users/AV/.rvm/gems/ruby-2.3.3/gems/web-console-3.1.1/lib/web_console/templates/main.js.erb within layouts/javascript
  Rendered /Users/AV/.rvm/gems/ruby-2.3.3/gems/web-console-3.1.1/lib/web_console/templates/main.js.erb within layouts/javascript (0.4ms)
  Rendered /Users/AV/.rvm/gems/ruby-2.3.3/gems/web-console-3.1.1/lib/web_console/templates/index.html.erb (125.4ms)
Started GET "/bot" for ::1 at 2016-12-31 01:33:50 +0200
Started GET "/webhook" for ::1 at 2016-12-31 01:34:07 +0200
  
ActionController::RoutingError (No route matches [GET] "/webhook"):
  
actionpack (5.0.0.rc1) lib/action_dispatch/middleware/debug_exceptions.rb:53:in `call'
web-console (3.1.1) lib/web_console/middleware.rb:131:in `call_app'
web-console (3.1.1) lib/web_console/middleware.rb:28:in `block in call'
web-console (3.1.1) lib/web_console/middleware.rb:18:in `catch'
web-console (3.1.1) lib/web_console/middleware.rb:18:in `call'
actionpack (5.0.0.rc1) lib/action_dispatch/middleware/show_exceptions.rb:31:in `call'
railties (5.0.0.rc1) lib/rails/rack/logger.rb:36:in `call_app'
railties (5.0.0.rc1) lib/rails/rack/logger.rb:24:in `block in call'
activesupport (5.0.0.rc1) lib/active_support/tagged_logging.rb:70:in `block in tagged'
activesupport (5.0.0.rc1) lib/active_support/tagged_logging.rb:26:in `tagged'
activesupport (5.0.0.rc1) lib/active_support/tagged_logging.rb:70:in `tagged'
railties (5.0.0.rc1) lib/rails/rack/logger.rb:24:in `call'
actionpack (5.0.0.rc1) lib/action_dispatch/middleware/request_id.rb:24:in `call'
rack (2.0.0.rc1) lib/rack/method_override.rb:22:in `call'
rack (2.0.0.rc1) lib/rack/runtime.rb:22:in `call'
activesupport (5.0.0.rc1) lib/active_support/cache/strategy/local_cache_middleware.rb:28:in `call'
actionpack (5.0.0.rc1) lib/action_dispatch/middleware/executor.rb:12:in `call'
actionpack (5.0.0.rc1) lib/action_dispatch/middleware/static.rb:136:in `call'
rack (2.0.0.rc1) lib/rack/sendfile.rb:111:in `call'
railties (5.0.0.rc1) lib/rails/engine.rb:522:in `call'
puma (3.4.0) lib/puma/configuration.rb:224:in `call'
puma (3.4.0) lib/puma/server.rb:569:in `handle_request'
puma (3.4.0) lib/puma/server.rb:406:in `process_client'
puma (3.4.0) lib/puma/server.rb:271:in `block in run'
puma (3.4.0) lib/puma/thread_pool.rb:114:in `block in spawn_thread'
  Rendering /Users/AV/.rvm/gems/ruby-2.3.3/gems/actionpack-5.0.0.rc1/lib/action_dispatch/middleware/templates/rescues/routing_error.html.erb within rescues/layout
  Rendering /Users/AV/.rvm/gems/ruby-2.3.3/gems/actionpack-5.0.0.rc1/lib/action_dispatch/middleware/templates/rescues/_trace.html.erb
  Rendered /Users/AV/.rvm/gems/ruby-2.3.3/gems/actionpack-5.0.0.rc1/lib/action_dispatch/middleware/templates/rescues/_trace.html.erb (1.3ms)
  Rendered collection of /Users/AV/.rvm/gems/ruby-2.3.3/gems/actionpack-5.0.0.rc1/lib/action_dispatch/middleware/templates/routes/_route.html.erb [1 times] (0.9ms)
  Rendered /Users/AV/.rvm/gems/ruby-2.3.3/gems/actionpack-5.0.0.rc1/lib/action_dispatch/middleware/templates/routes/_table.html.erb (1.9ms)
  Rendering /Users/AV/.rvm/gems/ruby-2.3.3/gems/actionpack-5.0.0.rc1/lib/action_dispatch/middleware/templates/rescues/_request_and_response.html.erb
  Rendered /Users/AV/.rvm/gems/ruby-2.3.3/gems/actionpack-5.0.0.rc1/lib/action_dispatch/middleware/templates/rescues/_request_and_response.html.erb (1.2ms)
  Rendered /Users/AV/.rvm/gems/ruby-2.3.3/gems/actionpack-5.0.0.rc1/lib/action_dispatch/middleware/templates/rescues/routing_error.html.erb within rescues/layout (72.1ms)
  Rendering /Users/AV/.rvm/gems/ruby-2.3.3/gems/web-console-3.1.1/lib/web_console/templates/index.html.erb
  Rendered /Users/AV/.rvm/gems/ruby-2.3.3/gems/web-console-3.1.1/lib/web_console/templates/_markup.html.erb (0.2ms)
  Rendering /Users/AV/.rvm/gems/ruby-2.3.3/gems/web-console-3.1.1/lib/web_console/templates/console.js.erb within layouts/javascript
  Rendering /Users/AV/.rvm/gems/ruby-2.3.3/gems/web-console-3.1.1/lib/web_console/templates/_inner_console_markup.html.erb within layouts/inlined_string
  Rendered /Users/AV/.rvm/gems/ruby-2.3.3/gems/web-console-3.1.1/lib/web_console/templates/_inner_console_markup.html.erb within layouts/inlined_string (0.3ms)
  Rendering /Users/AV/.rvm/gems/ruby-2.3.3/gems/web-console-3.1.1/lib/web_console/templates/_prompt_box_markup.html.erb within layouts/inlined_string
  Rendered /Users/AV/.rvm/gems/ruby-2.3.3/gems/web-console-3.1.1/lib/web_console/templates/_prompt_box_markup.html.erb within layouts/inlined_string (0.2ms)
  Rendering /Users/AV/.rvm/gems/ruby-2.3.3/gems/web-console-3.1.1/lib/web_console/templates/style.css.erb within layouts/inlined_string
  Rendered /Users/AV/.rvm/gems/ruby-2.3.3/gems/web-console-3.1.1/lib/web_console/templates/style.css.erb within layouts/inlined_string (0.3ms)
  Rendered /Users/AV/.rvm/gems/ruby-2.3.3/gems/web-console-3.1.1/lib/web_console/templates/console.js.erb within layouts/javascript (45.1ms)
  Rendering /Users/AV/.rvm/gems/ruby-2.3.3/gems/web-console-3.1.1/lib/web_console/templates/main.js.erb within layouts/javascript
  Rendered /Users/AV/.rvm/gems/ruby-2.3.3/gems/web-console-3.1.1/lib/web_console/templates/main.js.erb within layouts/javascript (0.2ms)
  Rendered /Users/AV/.rvm/gems/ruby-2.3.3/gems/web-console-3.1.1/lib/web_console/templates/index.html.erb (85.5ms)
Started GET "/webhook?hub.mode=subscribe&hub.challenge=271423498&hub.verify_token=bot_bot_bot" for 173.252.90.106 at 2016-12-31 01:34:52 +0200
Cannot render console from 173.252.90.106! Allowed networks: 127.0.0.1, ::1, 127.0.0.0/127.255.255.255
  
ActionController::RoutingError (No route matches [GET] "/webhook"):
  
actionpack (5.0.0.rc1) lib/action_dispatch/middleware/debug_exceptions.rb:53:in `call'
web-console (3.1.1) lib/web_console/middleware.rb:131:in `call_app'
web-console (3.1.1) lib/web_console/middleware.rb:20:in `block in call'
web-console (3.1.1) lib/web_console/middleware.rb:18:in `catch'
web-console (3.1.1) lib/web_console/middleware.rb:18:in `call'
actionpack (5.0.0.rc1) lib/action_dispatch/middleware/show_exceptions.rb:31:in `call'
railties (5.0.0.rc1) lib/rails/rack/logger.rb:36:in `call_app'
railties (5.0.0.rc1) lib/rails/rack/logger.rb:24:in `block in call'
activesupport (5.0.0.rc1) lib/active_support/tagged_logging.rb:70:in `block in tagged'
activesupport (5.0.0.rc1) lib/active_support/tagged_logging.rb:26:in `tagged'
activesupport (5.0.0.rc1) lib/active_support/tagged_logging.rb:70:in `tagged'
railties (5.0.0.rc1) lib/rails/rack/logger.rb:24:in `call'
actionpack (5.0.0.rc1) lib/action_dispatch/middleware/request_id.rb:24:in `call'
rack (2.0.0.rc1) lib/rack/method_override.rb:22:in `call'
rack (2.0.0.rc1) lib/rack/runtime.rb:22:in `call'
activesupport (5.0.0.rc1) lib/active_support/cache/strategy/local_cache_middleware.rb:28:in `call'
actionpack (5.0.0.rc1) lib/action_dispatch/middleware/executor.rb:12:in `call'
actionpack (5.0.0.rc1) lib/action_dispatch/middleware/static.rb:136:in `call'
rack (2.0.0.rc1) lib/rack/sendfile.rb:111:in `call'
railties (5.0.0.rc1) lib/rails/engine.rb:522:in `call'
puma (3.4.0) lib/puma/configuration.rb:224:in `call'
puma (3.4.0) lib/puma/server.rb:569:in `handle_request'
puma (3.4.0) lib/puma/server.rb:406:in `process_client'
puma (3.4.0) lib/puma/server.rb:271:in `block in run'
puma (3.4.0) lib/puma/thread_pool.rb:114:in `block in spawn_thread'
  Rendering /Users/AV/.rvm/gems/ruby-2.3.3/gems/actionpack-5.0.0.rc1/lib/action_dispatch/middleware/templates/rescues/routing_error.html.erb within rescues/layout
  Rendering /Users/AV/.rvm/gems/ruby-2.3.3/gems/actionpack-5.0.0.rc1/lib/action_dispatch/middleware/templates/rescues/_trace.html.erb
  Rendered /Users/AV/.rvm/gems/ruby-2.3.3/gems/actionpack-5.0.0.rc1/lib/action_dispatch/middleware/templates/rescues/_trace.html.erb (1.7ms)
  Rendered collection of /Users/AV/.rvm/gems/ruby-2.3.3/gems/actionpack-5.0.0.rc1/lib/action_dispatch/middleware/templates/routes/_route.html.erb [1 times] (1.1ms)
  Rendered /Users/AV/.rvm/gems/ruby-2.3.3/gems/actionpack-5.0.0.rc1/lib/action_dispatch/middleware/templates/routes/_table.html.erb (1.9ms)
  Rendering /Users/AV/.rvm/gems/ruby-2.3.3/gems/actionpack-5.0.0.rc1/lib/action_dispatch/middleware/templates/rescues/_request_and_response.html.erb
  Rendered /Users/AV/.rvm/gems/ruby-2.3.3/gems/actionpack-5.0.0.rc1/lib/action_dispatch/middleware/templates/rescues/_request_and_response.html.erb (1.3ms)
  Rendered /Users/AV/.rvm/gems/ruby-2.3.3/gems/actionpack-5.0.0.rc1/lib/action_dispatch/middleware/templates/rescues/routing_error.html.erb within rescues/layout (76.6ms)
Started GET "/webhook" for ::1 at 2016-12-31 01:42:36 +0200
  [1m[36mActiveRecord::SchemaMigration Load (0.5ms)[0m  [1m[34mSELECT "schema_migrations".* FROM "schema_migrations"[0m
  
ActionController::RoutingError (No route matches [GET] "/webhook"):
  
actionpack (5.0.0.rc1) lib/action_dispatch/middleware/debug_exceptions.rb:53:in `call'
web-console (3.1.1) lib/web_console/middleware.rb:131:in `call_app'
web-console (3.1.1) lib/web_console/middleware.rb:28:in `block in call'
web-console (3.1.1) lib/web_console/middleware.rb:18:in `catch'
web-console (3.1.1) lib/web_console/middleware.rb:18:in `call'
actionpack (5.0.0.rc1) lib/action_dispatch/middleware/show_exceptions.rb:31:in `call'
railties (5.0.0.rc1) lib/rails/rack/logger.rb:36:in `call_app'
railties (5.0.0.rc1) lib/rails/rack/logger.rb:24:in `block in call'
activesupport (5.0.0.rc1) lib/active_support/tagged_logging.rb:70:in `block in tagged'
activesupport (5.0.0.rc1) lib/active_support/tagged_logging.rb:26:in `tagged'
activesupport (5.0.0.rc1) lib/active_support/tagged_logging.rb:70:in `tagged'
railties (5.0.0.rc1) lib/rails/rack/logger.rb:24:in `call'
actionpack (5.0.0.rc1) lib/action_dispatch/middleware/request_id.rb:24:in `call'
rack (2.0.0.rc1) lib/rack/method_override.rb:22:in `call'
rack (2.0.0.rc1) lib/rack/runtime.rb:22:in `call'
activesupport (5.0.0.rc1) lib/active_support/cache/strategy/local_cache_middleware.rb:28:in `call'
actionpack (5.0.0.rc1) lib/action_dispatch/middleware/executor.rb:12:in `call'
actionpack (5.0.0.rc1) lib/action_dispatch/middleware/static.rb:136:in `call'
rack (2.0.0.rc1) lib/rack/sendfile.rb:111:in `call'
railties (5.0.0.rc1) lib/rails/engine.rb:522:in `call'
puma (3.4.0) lib/puma/configuration.rb:224:in `call'
puma (3.4.0) lib/puma/server.rb:569:in `handle_request'
puma (3.4.0) lib/puma/server.rb:406:in `process_client'
puma (3.4.0) lib/puma/server.rb:271:in `block in run'
puma (3.4.0) lib/puma/thread_pool.rb:114:in `block in spawn_thread'
  Rendering /Users/AV/.rvm/gems/ruby-2.3.3/gems/actionpack-5.0.0.rc1/lib/action_dispatch/middleware/templates/rescues/routing_error.html.erb within rescues/layout
  Rendering /Users/AV/.rvm/gems/ruby-2.3.3/gems/actionpack-5.0.0.rc1/lib/action_dispatch/middleware/templates/rescues/_trace.html.erb
  Rendered /Users/AV/.rvm/gems/ruby-2.3.3/gems/actionpack-5.0.0.rc1/lib/action_dispatch/middleware/templates/rescues/_trace.html.erb (1.2ms)
  Rendered collection of /Users/AV/.rvm/gems/ruby-2.3.3/gems/actionpack-5.0.0.rc1/lib/action_dispatch/middleware/templates/routes/_route.html.erb [1 times] (1.2ms)
  Rendered /Users/AV/.rvm/gems/ruby-2.3.3/gems/actionpack-5.0.0.rc1/lib/action_dispatch/middleware/templates/routes/_table.html.erb (8.3ms)
  Rendering /Users/AV/.rvm/gems/ruby-2.3.3/gems/actionpack-5.0.0.rc1/lib/action_dispatch/middleware/templates/rescues/_request_and_response.html.erb
  Rendered /Users/AV/.rvm/gems/ruby-2.3.3/gems/actionpack-5.0.0.rc1/lib/action_dispatch/middleware/templates/rescues/_request_and_response.html.erb (12.9ms)
  Rendered /Users/AV/.rvm/gems/ruby-2.3.3/gems/actionpack-5.0.0.rc1/lib/action_dispatch/middleware/templates/rescues/routing_error.html.erb within rescues/layout (101.7ms)
  Rendering /Users/AV/.rvm/gems/ruby-2.3.3/gems/web-console-3.1.1/lib/web_console/templates/index.html.erb
  Rendered /Users/AV/.rvm/gems/ruby-2.3.3/gems/web-console-3.1.1/lib/web_console/templates/_markup.html.erb (0.7ms)
  Rendering /Users/AV/.rvm/gems/ruby-2.3.3/gems/web-console-3.1.1/lib/web_console/templates/console.js.erb within layouts/javascript
  Rendering /Users/AV/.rvm/gems/ruby-2.3.3/gems/web-console-3.1.1/lib/web_console/templates/_inner_console_markup.html.erb within layouts/inlined_string
  Rendered /Users/AV/.rvm/gems/ruby-2.3.3/gems/web-console-3.1.1/lib/web_console/templates/_inner_console_markup.html.erb within layouts/inlined_string (0.5ms)
  Rendering /Users/AV/.rvm/gems/ruby-2.3.3/gems/web-console-3.1.1/lib/web_console/templates/_prompt_box_markup.html.erb within layouts/inlined_string
  Rendered /Users/AV/.rvm/gems/ruby-2.3.3/gems/web-console-3.1.1/lib/web_console/templates/_prompt_box_markup.html.erb within layouts/inlined_string (0.3ms)
  Rendering /Users/AV/.rvm/gems/ruby-2.3.3/gems/web-console-3.1.1/lib/web_console/templates/style.css.erb within layouts/inlined_string
  Rendered /Users/AV/.rvm/gems/ruby-2.3.3/gems/web-console-3.1.1/lib/web_console/templates/style.css.erb within layouts/inlined_string (0.4ms)
  Rendered /Users/AV/.rvm/gems/ruby-2.3.3/gems/web-console-3.1.1/lib/web_console/templates/console.js.erb within layouts/javascript (64.4ms)
  Rendering /Users/AV/.rvm/gems/ruby-2.3.3/gems/web-console-3.1.1/lib/web_console/templates/main.js.erb within layouts/javascript
  Rendered /Users/AV/.rvm/gems/ruby-2.3.3/gems/web-console-3.1.1/lib/web_console/templates/main.js.erb within layouts/javascript (0.3ms)
  Rendered /Users/AV/.rvm/gems/ruby-2.3.3/gems/web-console-3.1.1/lib/web_console/templates/index.html.erb (123.7ms)
Started GET "/bot" for ::1 at 2016-12-31 01:42:44 +0200
Started GET "/bot?hub.mode=subscribe&hub.challenge=1899008812&hub.verify_token=bot_bot_bot" for 173.252.90.118 at 2016-12-31 01:42:59 +0200
Cannot render console from 173.252.90.118! Allowed networks: 127.0.0.1, ::1, 127.0.0.0/127.255.255.255
Started POST "/bot" for 173.252.90.100 at 2016-12-31 01:45:47 +0200
Cannot render console from 173.252.90.100! Allowed networks: 127.0.0.1, ::1, 127.0.0.0/127.255.255.255
Started GET "/" for 92.60.179.123 at 2016-12-31 01:50:07 +0200
Cannot render console from 92.60.179.123! Allowed networks: 127.0.0.1, ::1, 127.0.0.0/127.255.255.255
  [1m[36mActiveRecord::SchemaMigration Load (0.5ms)[0m  [1m[34mSELECT "schema_migrations".* FROM "schema_migrations"[0m
Processing by Rails::WelcomeController#index as HTML
  Parameters: {"internal"=>true}
  Rendering /Users/AV/.rvm/gems/ruby-2.3.3/gems/railties-5.0.0.rc1/lib/rails/templates/rails/welcome/index.html.erb
  Rendered /Users/AV/.rvm/gems/ruby-2.3.3/gems/railties-5.0.0.rc1/lib/rails/templates/rails/welcome/index.html.erb (4.3ms)
Completed 200 OK in 23ms (Views: 10.5ms | ActiveRecord: 0.0ms)


Started GET "/bot" for 92.60.179.123 at 2016-12-31 01:50:13 +0200
Cannot render console from 92.60.179.123! Allowed networks: 127.0.0.1, ::1, 127.0.0.0/127.255.255.255
Started POST "/bot" for 31.13.102.98 at 2016-12-31 01:50:45 +0200
Cannot render console from 31.13.102.98! Allowed networks: 127.0.0.1, ::1, 127.0.0.0/127.255.255.255
Started POST "/bot" for 31.13.113.176 at 2016-12-31 01:50:46 +0200
Cannot render console from 31.13.113.176! Allowed networks: 127.0.0.1, ::1, 127.0.0.0/127.255.255.255
Started POST "/bot" for 31.13.102.119 at 2016-12-31 01:50:47 +0200
Cannot render console from 31.13.102.119! Allowed networks: 127.0.0.1, ::1, 127.0.0.0/127.255.255.255
Started POST "/bot" for 31.13.113.84 at 2016-12-31 01:50:48 +0200
Cannot render console from 31.13.113.84! Allowed networks: 127.0.0.1, ::1, 127.0.0.0/127.255.255.255
Started POST "/bot" for 31.13.113.186 at 2016-12-31 01:50:49 +0200
Cannot render console from 31.13.113.186! Allowed networks: 127.0.0.1, ::1, 127.0.0.0/127.255.255.255
Started POST "/bot" for 31.13.110.102 at 2016-12-31 01:50:50 +0200
Cannot render console from 31.13.110.102! Allowed networks: 127.0.0.1, ::1, 127.0.0.0/127.255.255.255
Started POST "/bot" for 31.13.113.94 at 2016-12-31 01:50:51 +0200
Cannot render console from 31.13.113.94! Allowed networks: 127.0.0.1, ::1, 127.0.0.0/127.255.255.255
Started POST "/bot" for 31.13.113.177 at 2016-12-31 01:50:52 +0200
Cannot render console from 31.13.113.177! Allowed networks: 127.0.0.1, ::1, 127.0.0.0/127.255.255.255
Started POST "/bot" for 31.13.102.101 at 2016-12-31 01:50:53 +0200
Cannot render console from 31.13.102.101! Allowed networks: 127.0.0.1, ::1, 127.0.0.0/127.255.255.255
Started POST "/bot" for 31.13.113.184 at 2016-12-31 01:50:54 +0200
Cannot render console from 31.13.113.184! Allowed networks: 127.0.0.1, ::1, 127.0.0.0/127.255.255.255
Started POST "/bot" for 31.13.113.187 at 2016-12-31 01:50:54 +0200
Cannot render console from 31.13.113.187! Allowed networks: 127.0.0.1, ::1, 127.0.0.0/127.255.255.255
Started POST "/bot" for 31.13.113.170 at 2016-12-31 01:50:56 +0200
Cannot render console from 31.13.113.170! Allowed networks: 127.0.0.1, ::1, 127.0.0.0/127.255.255.255
Started POST "/bot" for 31.13.113.169 at 2016-12-31 01:50:56 +0200
Cannot render console from 31.13.113.169! Allowed networks: 127.0.0.1, ::1, 127.0.0.0/127.255.255.255
Started POST "/bot" for 31.13.113.88 at 2016-12-31 01:50:57 +0200
Cannot render console from 31.13.113.88! Allowed networks: 127.0.0.1, ::1, 127.0.0.0/127.255.255.255
Started POST "/bot" for 31.13.113.83 at 2016-12-31 01:50:58 +0200
Cannot render console from 31.13.113.83! Allowed networks: 127.0.0.1, ::1, 127.0.0.0/127.255.255.255
Started POST "/bot" for 31.13.110.108 at 2016-12-31 01:50:59 +0200
Cannot render console from 31.13.110.108! Allowed networks: 127.0.0.1, ::1, 127.0.0.0/127.255.255.255
Started POST "/bot" for 31.13.113.187 at 2016-12-31 01:51:00 +0200
Cannot render console from 31.13.113.187! Allowed networks: 127.0.0.1, ::1, 127.0.0.0/127.255.255.255
Started POST "/bot" for 31.13.114.76 at 2016-12-31 01:51:01 +0200
Cannot render console from 31.13.114.76! Allowed networks: 127.0.0.1, ::1, 127.0.0.0/127.255.255.255
Started POST "/bot" for 31.13.113.79 at 2016-12-31 01:51:26 +0200
Cannot render console from 31.13.113.79! Allowed networks: 127.0.0.1, ::1, 127.0.0.0/127.255.255.255
Started POST "/bot" for 31.13.113.64 at 2016-12-31 01:52:37 +0200
Cannot render console from 31.13.113.64! Allowed networks: 127.0.0.1, ::1, 127.0.0.0/127.255.255.255
  [1m[36mActiveRecord::SchemaMigration Load (0.5ms)[0m  [1m[34mSELECT "schema_migrations".* FROM "schema_migrations"[0m
Started POST "/bot" for 31.13.102.99 at 2016-12-31 02:01:24 +0200
Cannot render console from 31.13.102.99! Allowed networks: 127.0.0.1, ::1, 127.0.0.0/127.255.255.255
Started POST "/bot" for 31.13.113.186 at 2016-12-31 02:01:32 +0200
Cannot render console from 31.13.113.186! Allowed networks: 127.0.0.1, ::1, 127.0.0.0/127.255.255.255
Started POST "/bot" for 31.13.114.83 at 2016-12-31 02:01:59 +0200
Cannot render console from 31.13.114.83! Allowed networks: 127.0.0.1, ::1, 127.0.0.0/127.255.255.255
  [1m[36mActiveRecord::SchemaMigration Load (0.6ms)[0m  [1m[34mSELECT "schema_migrations".* FROM "schema_migrations"[0m
Started POST "/bot" for 31.13.113.176 at 2016-12-31 02:02:50 +0200
Cannot render console from 31.13.113.176! Allowed networks: 127.0.0.1, ::1, 127.0.0.0/127.255.255.255
Started POST "/bot" for 31.13.114.67 at 2016-12-31 02:03:05 +0200
Cannot render console from 31.13.114.67! Allowed networks: 127.0.0.1, ::1, 127.0.0.0/127.255.255.255
  [1m[36mActiveRecord::SchemaMigration Load (0.4ms)[0m  [1m[34mSELECT "schema_migrations".* FROM "schema_migrations"[0m
Started POST "/bot" for 31.13.113.179 at 2016-12-31 02:04:27 +0200
Cannot render console from 31.13.113.179! Allowed networks: 127.0.0.1, ::1, 127.0.0.0/127.255.255.255
Started POST "/bot" for 31.13.113.95 at 2016-12-31 02:04:45 +0200
Cannot render console from 31.13.113.95! Allowed networks: 127.0.0.1, ::1, 127.0.0.0/127.255.255.255
  [1m[36mActiveRecord::SchemaMigration Load (0.5ms)[0m  [1m[34mSELECT "schema_migrations".* FROM "schema_migrations"[0m
Started GET "/bot?hub.mode=subscribe&hub.challenge=1085094993&hub.verify_token=bot_bot_bot" for 173.252.90.121 at 2016-12-31 02:07:45 +0200
Cannot render console from 173.252.90.121! Allowed networks: 127.0.0.1, ::1, 127.0.0.0/127.255.255.255
  [1m[36mActiveRecord::SchemaMigration Load (0.6ms)[0m  [1m[34mSELECT "schema_migrations".* FROM "schema_migrations"[0m
Started POST "/bot" for 31.13.102.99 at 2016-12-31 02:11:37 +0200
Cannot render console from 31.13.102.99! Allowed networks: 127.0.0.1, ::1, 127.0.0.0/127.255.255.255
  [1m[36mActiveRecord::SchemaMigration Load (0.6ms)[0m  [1m[34mSELECT "schema_migrations".* FROM "schema_migrations"[0m
Started POST "/bot" for 31.13.114.69 at 2016-12-31 02:11:38 +0200
Cannot render console from 31.13.114.69! Allowed networks: 127.0.0.1, ::1, 127.0.0.0/127.255.255.255
Started POST "/bot" for 31.13.110.127 at 2016-12-31 02:11:39 +0200
Cannot render console from 31.13.110.127! Allowed networks: 127.0.0.1, ::1, 127.0.0.0/127.255.255.255
Started POST "/bot" for 31.13.114.64 at 2016-12-31 02:11:40 +0200
Cannot render console from 31.13.114.64! Allowed networks: 127.0.0.1, ::1, 127.0.0.0/127.255.255.255
Started POST "/bot" for 31.13.114.80 at 2016-12-31 02:11:41 +0200
Cannot render console from 31.13.114.80! Allowed networks: 127.0.0.1, ::1, 127.0.0.0/127.255.255.255
Started POST "/bot" for 31.13.113.68 at 2016-12-31 02:11:42 +0200
Cannot render console from 31.13.113.68! Allowed networks: 127.0.0.1, ::1, 127.0.0.0/127.255.255.255
Started POST "/bot" for 31.13.110.105 at 2016-12-31 02:11:43 +0200
Cannot render console from 31.13.110.105! Allowed networks: 127.0.0.1, ::1, 127.0.0.0/127.255.255.255
Started POST "/bot" for 31.13.110.126 at 2016-12-31 02:12:13 +0200
Cannot render console from 31.13.110.126! Allowed networks: 127.0.0.1, ::1, 127.0.0.0/127.255.255.255
Started POST "/bot" for 31.13.113.64 at 2016-12-31 02:12:56 +0200
Cannot render console from 31.13.113.64! Allowed networks: 127.0.0.1, ::1, 127.0.0.0/127.255.255.255
Started POST "/bot" for 31.13.110.117 at 2016-12-31 02:13:09 +0200
Cannot render console from 31.13.110.117! Allowed networks: 127.0.0.1, ::1, 127.0.0.0/127.255.255.255
  [1m[36mActiveRecord::SchemaMigration Load (0.4ms)[0m  [1m[34mSELECT "schema_migrations".* FROM "schema_migrations"[0m
Started POST "/bot" for 31.13.113.178 at 2016-12-31 10:23:26 +0200
Cannot render console from 31.13.113.178! Allowed networks: 127.0.0.1, ::1, 127.0.0.0/127.255.255.255
Started POST "/bot" for 31.13.113.88 at 2016-12-31 10:23:47 +0200
Cannot render console from 31.13.113.88! Allowed networks: 127.0.0.1, ::1, 127.0.0.0/127.255.255.255
Started POST "/bot" for 31.13.110.107 at 2017-01-02 14:01:35 +0200
Cannot render console from 31.13.110.107! Allowed networks: 127.0.0.1, ::1, 127.0.0.0/127.255.255.255
  [1m[36mActiveRecord::SchemaMigration Load (1.9ms)[0m  [1m[34mSELECT "schema_migrations".* FROM "schema_migrations"[0m
Started POST "/bot" for 31.13.102.109 at 2017-01-02 14:09:16 +0200
Cannot render console from 31.13.102.109! Allowed networks: 127.0.0.1, ::1, 127.0.0.0/127.255.255.255
Started POST "/bot" for 31.13.113.76 at 2017-01-02 14:20:36 +0200
Cannot render console from 31.13.113.76! Allowed networks: 127.0.0.1, ::1, 127.0.0.0/127.255.255.255
  [1m[36mActiveRecord::SchemaMigration Load (0.5ms)[0m  [1m[34mSELECT "schema_migrations".* FROM "schema_migrations"[0m
Started POST "/bot" for 31.13.113.68 at 2017-01-02 14:22:33 +0200
Cannot render console from 31.13.113.68! Allowed networks: 127.0.0.1, ::1, 127.0.0.0/127.255.255.255
  [1m[36mActiveRecord::SchemaMigration Load (0.6ms)[0m  [1m[34mSELECT "schema_migrations".* FROM "schema_migrations"[0m
Started POST "/bot" for 31.13.114.78 at 2017-01-02 14:25:28 +0200
Cannot render console from 31.13.114.78! Allowed networks: 127.0.0.1, ::1, 127.0.0.0/127.255.255.255
Started POST "/bot" for 31.13.102.102 at 2017-01-02 23:21:17 +0200
Cannot render console from 31.13.102.102! Allowed networks: 127.0.0.1, ::1, 127.0.0.0/127.255.255.255
Started POST "/bot" for 31.13.102.107 at 2017-01-02 23:22:02 +0200
Cannot render console from 31.13.102.107! Allowed networks: 127.0.0.1, ::1, 127.0.0.0/127.255.255.255
  [1m[36mActiveRecord::SchemaMigration Load (0.6ms)[0m  [1m[34mSELECT "schema_migrations".* FROM "schema_migrations"[0m
